2024-01-23 00:14:58.045  INFO 9204 --- [Thread-4] com.zaxxer.hikari.HikariDataSource       : HikariPool-1 - Shutdown initiated...
2024-01-23 00:14:58.076  INFO 9204 --- [Thread-4] com.zaxxer.hikari.HikariDataSource       : HikariPool-1 - Shutdown completed.
2024-01-23 00:14:58.226  INFO 9204 --- [restartedMain] com.rupesh.blog.BlogAppApiApplication    : Starting BlogAppApiApplication using Java 18.0.2 on DESKTOP-VIE80H8 with PID 9204 (C:\Users\Admin\git\Blog\blog_app_api\target\classes started by Admin in C:\Users\Admin\git\Blog\blog_app_api)
2024-01-23 00:14:58.227  INFO 9204 --- [restartedMain] com.rupesh.blog.BlogAppApiApplication    : The following 1 profile is active: "local"
2024-01-23 00:14:59.077  INFO 9204 --- [restartedMain] o.a.catalina.core.AprLifecycleListener   : Loaded Apache Tomcat Native library [1.2.35] using APR version [1.7.0].
2024-01-23 00:14:59.078  INFO 9204 --- [restartedMain] o.a.catalina.core.AprLifecycleListener   : APR capabilities: IPv6 [true], sendfile [true], accept filters [false], random [true], UDS [true].
2024-01-23 00:14:59.078  INFO 9204 --- [restartedMain] o.a.catalina.core.AprLifecycleListener   : APR/OpenSSL configuration: useAprConnector [false], useOpenSSL [true]
2024-01-23 00:14:59.079  INFO 9204 --- [restartedMain] o.a.catalina.core.AprLifecycleListener   : OpenSSL successfully initialized [OpenSSL 1.1.1q  5 Jul 2022]
2024-01-23 00:14:59.081  INFO 9204 --- [restartedMain] o.apache.catalina.core.StandardService   : Starting service [Tomcat]
2024-01-23 00:14:59.081  INFO 9204 --- [restartedMain] org.apache.catalina.core.StandardEngine  : Starting Servlet engine: [Apache Tomcat/9.0.65]
2024-01-23 00:14:59.138  INFO 9204 --- [restartedMain] o.a.c.c.C.[Tomcat].[localhost].[/blog]   : Initializing Spring embedded WebApplicationContext
2024-01-23 00:14:59.239  INFO 9204 --- [restartedMain] com.zaxxer.hikari.HikariDataSource       : HikariPool-2 - Starting...
2024-01-23 00:14:59.244  INFO 9204 --- [restartedMain] com.zaxxer.hikari.HikariDataSource       : HikariPool-2 - Start completed.
2024-01-23 00:15:00.706  WARN 9204 --- [restartedMain] c.r.blog.config.CacheEvictionOnStartup   : All previous cache destroyed
2024-01-23 00:15:00.706  WARN 9204 --- [restartedMain] c.r.blog.config.CacheEvictionOnStartup   : Data removed form cache....
2024-01-23 00:15:00.708  INFO 9204 --- [restartedMain] com.rupesh.blog.BlogAppApiApplication    : Started BlogAppApiApplication in 2.529 seconds (JVM running for 2817.11)
2024-01-23 00:15:15.950  INFO 9204 --- [Thread-7] com.zaxxer.hikari.HikariDataSource       : HikariPool-2 - Shutdown initiated...
2024-01-23 00:15:15.962  INFO 9204 --- [Thread-7] com.zaxxer.hikari.HikariDataSource       : HikariPool-2 - Shutdown completed.
2024-01-23 00:15:16.219  INFO 9204 --- [restartedMain] com.rupesh.blog.BlogAppApiApplication    : Starting BlogAppApiApplication using Java 18.0.2 on DESKTOP-VIE80H8 with PID 9204 (C:\Users\Admin\git\Blog\blog_app_api\target\classes started by Admin in C:\Users\Admin\git\Blog\blog_app_api)
2024-01-23 00:15:16.219  INFO 9204 --- [restartedMain] com.rupesh.blog.BlogAppApiApplication    : The following 1 profile is active: "local"
2024-01-23 00:15:17.041  INFO 9204 --- [restartedMain] o.a.catalina.core.AprLifecycleListener   : Loaded Apache Tomcat Native library [1.2.35] using APR version [1.7.0].
2024-01-23 00:15:17.042  INFO 9204 --- [restartedMain] o.a.catalina.core.AprLifecycleListener   : APR capabilities: IPv6 [true], sendfile [true], accept filters [false], random [true], UDS [true].
2024-01-23 00:15:17.042  INFO 9204 --- [restartedMain] o.a.catalina.core.AprLifecycleListener   : APR/OpenSSL configuration: useAprConnector [false], useOpenSSL [true]
2024-01-23 00:15:17.043  INFO 9204 --- [restartedMain] o.a.catalina.core.AprLifecycleListener   : OpenSSL successfully initialized [OpenSSL 1.1.1q  5 Jul 2022]
2024-01-23 00:15:17.044  INFO 9204 --- [restartedMain] o.apache.catalina.core.StandardService   : Starting service [Tomcat]
2024-01-23 00:15:17.045  INFO 9204 --- [restartedMain] org.apache.catalina.core.StandardEngine  : Starting Servlet engine: [Apache Tomcat/9.0.65]
2024-01-23 00:15:17.095  INFO 9204 --- [restartedMain] o.a.c.c.C.[Tomcat].[localhost].[/blog]   : Initializing Spring embedded WebApplicationContext
2024-01-23 00:15:17.181  INFO 9204 --- [restartedMain] com.zaxxer.hikari.HikariDataSource       : HikariPool-3 - Starting...
2024-01-23 00:15:17.185  INFO 9204 --- [restartedMain] com.zaxxer.hikari.HikariDataSource       : HikariPool-3 - Start completed.
2024-01-23 00:15:18.538  WARN 9204 --- [restartedMain] c.r.blog.config.CacheEvictionOnStartup   : All previous cache destroyed
2024-01-23 00:15:18.539  WARN 9204 --- [restartedMain] c.r.blog.config.CacheEvictionOnStartup   : Data removed form cache....
2024-01-23 00:15:18.540  INFO 9204 --- [restartedMain] com.rupesh.blog.BlogAppApiApplication    : Started BlogAppApiApplication in 2.418 seconds (JVM running for 2834.942)
2024-01-23 00:16:21.046  INFO 9204 --- [http-nio-8080-exec-2] o.a.c.c.C.[Tomcat].[localhost].[/blog]   : Initializing Spring DispatcherServlet 'dispatcherServlet'
2024-01-23 00:16:31.555  INFO 9204 --- [http-nio-8080-exec-3] c.r.blog.controller.CategoryController   : Update Category
2024-01-23 00:16:31.559  INFO 9204 --- [http-nio-8080-exec-3] c.r.b.serviceImpl.CategorySarviceImpl    : Service Implementation
2024-01-23 00:17:43.759  INFO 9204 --- [Thread-11] com.zaxxer.hikari.HikariDataSource       : HikariPool-3 - Shutdown initiated...
2024-01-23 00:17:43.763  INFO 9204 --- [Thread-11] com.zaxxer.hikari.HikariDataSource       : HikariPool-3 - Shutdown completed.
2024-01-23 00:17:43.923  INFO 9204 --- [restartedMain] com.rupesh.blog.BlogAppApiApplication    : Starting BlogAppApiApplication using Java 18.0.2 on DESKTOP-VIE80H8 with PID 9204 (C:\Users\Admin\git\Blog\blog_app_api\target\classes started by Admin in C:\Users\Admin\git\Blog\blog_app_api)
2024-01-23 00:17:43.924  INFO 9204 --- [restartedMain] com.rupesh.blog.BlogAppApiApplication    : The following 1 profile is active: "local"
2024-01-23 00:17:44.582  INFO 9204 --- [restartedMain] o.a.catalina.core.AprLifecycleListener   : Loaded Apache Tomcat Native library [1.2.35] using APR version [1.7.0].
2024-01-23 00:17:44.583  INFO 9204 --- [restartedMain] o.a.catalina.core.AprLifecycleListener   : APR capabilities: IPv6 [true], sendfile [true], accept filters [false], random [true], UDS [true].
2024-01-23 00:17:44.583  INFO 9204 --- [restartedMain] o.a.catalina.core.AprLifecycleListener   : APR/OpenSSL configuration: useAprConnector [false], useOpenSSL [true]
2024-01-23 00:17:44.583  INFO 9204 --- [restartedMain] o.a.catalina.core.AprLifecycleListener   : OpenSSL successfully initialized [OpenSSL 1.1.1q  5 Jul 2022]
2024-01-23 00:17:44.584  INFO 9204 --- [restartedMain] o.apache.catalina.core.StandardService   : Starting service [Tomcat]
2024-01-23 00:17:44.584  INFO 9204 --- [restartedMain] org.apache.catalina.core.StandardEngine  : Starting Servlet engine: [Apache Tomcat/9.0.65]
2024-01-23 00:17:44.620  INFO 9204 --- [restartedMain] o.a.c.c.C.[Tomcat].[localhost].[/blog]   : Initializing Spring embedded WebApplicationContext
2024-01-23 00:17:44.709  INFO 9204 --- [restartedMain] com.zaxxer.hikari.HikariDataSource       : HikariPool-4 - Starting...
2024-01-23 00:17:44.714  INFO 9204 --- [restartedMain] com.zaxxer.hikari.HikariDataSource       : HikariPool-4 - Start completed.
2024-01-23 00:17:45.962  WARN 9204 --- [restartedMain] c.r.blog.config.CacheEvictionOnStartup   : All previous cache destroyed
2024-01-23 00:17:45.962  WARN 9204 --- [restartedMain] c.r.blog.config.CacheEvictionOnStartup   : Data removed form cache....
2024-01-23 00:17:45.963  INFO 9204 --- [restartedMain] com.rupesh.blog.BlogAppApiApplication    : Started BlogAppApiApplication in 2.089 seconds (JVM running for 2982.365)
2024-01-23 00:17:59.896  INFO 9204 --- [Thread-15] com.zaxxer.hikari.HikariDataSource       : HikariPool-4 - Shutdown initiated...
2024-01-23 00:17:59.900  INFO 9204 --- [Thread-15] com.zaxxer.hikari.HikariDataSource       : HikariPool-4 - Shutdown completed.
2024-01-23 00:18:00.072  INFO 9204 --- [restartedMain] com.rupesh.blog.BlogAppApiApplication    : Starting BlogAppApiApplication using Java 18.0.2 on DESKTOP-VIE80H8 with PID 9204 (C:\Users\Admin\git\Blog\blog_app_api\target\classes started by Admin in C:\Users\Admin\git\Blog\blog_app_api)
2024-01-23 00:18:00.072  INFO 9204 --- [restartedMain] com.rupesh.blog.BlogAppApiApplication    : The following 1 profile is active: "local"
2024-01-23 00:18:00.841  INFO 9204 --- [restartedMain] o.a.catalina.core.AprLifecycleListener   : Loaded Apache Tomcat Native library [1.2.35] using APR version [1.7.0].
2024-01-23 00:18:00.841  INFO 9204 --- [restartedMain] o.a.catalina.core.AprLifecycleListener   : APR capabilities: IPv6 [true], sendfile [true], accept filters [false], random [true], UDS [true].
2024-01-23 00:18:00.842  INFO 9204 --- [restartedMain] o.a.catalina.core.AprLifecycleListener   : APR/OpenSSL configuration: useAprConnector [false], useOpenSSL [true]
2024-01-23 00:18:00.842  INFO 9204 --- [restartedMain] o.a.catalina.core.AprLifecycleListener   : OpenSSL successfully initialized [OpenSSL 1.1.1q  5 Jul 2022]
2024-01-23 00:18:00.843  INFO 9204 --- [restartedMain] o.apache.catalina.core.StandardService   : Starting service [Tomcat]
2024-01-23 00:18:00.843  INFO 9204 --- [restartedMain] org.apache.catalina.core.StandardEngine  : Starting Servlet engine: [Apache Tomcat/9.0.65]
2024-01-23 00:18:00.877  INFO 9204 --- [restartedMain] o.a.c.c.C.[Tomcat].[localhost].[/blog]   : Initializing Spring embedded WebApplicationContext
2024-01-23 00:18:00.970  INFO 9204 --- [restartedMain] com.zaxxer.hikari.HikariDataSource       : HikariPool-5 - Starting...
2024-01-23 00:18:00.974  INFO 9204 --- [restartedMain] com.zaxxer.hikari.HikariDataSource       : HikariPool-5 - Start completed.
2024-01-23 00:18:02.293  WARN 9204 --- [restartedMain] c.r.blog.config.CacheEvictionOnStartup   : All previous cache destroyed
2024-01-23 00:18:02.293  WARN 9204 --- [restartedMain] c.r.blog.config.CacheEvictionOnStartup   : Data removed form cache....
2024-01-23 00:18:02.294  INFO 9204 --- [restartedMain] com.rupesh.blog.BlogAppApiApplication    : Started BlogAppApiApplication in 2.299 seconds (JVM running for 2998.696)
2024-01-23 00:18:07.241  INFO 9204 --- [http-nio-8080-exec-2] o.a.c.c.C.[Tomcat].[localhost].[/blog]   : Initializing Spring DispatcherServlet 'dispatcherServlet'
2024-01-23 00:18:07.285  INFO 9204 --- [http-nio-8080-exec-2] c.r.blog.controller.CategoryController   : Update Category
2024-01-23 00:18:07.289  INFO 9204 --- [http-nio-8080-exec-2] c.r.b.serviceImpl.CategorySarviceImpl    : Service Implementation
2024-01-23 00:18:56.336  INFO 9204 --- [Thread-19] com.zaxxer.hikari.HikariDataSource       : HikariPool-5 - Shutdown initiated...
2024-01-23 00:18:56.340  INFO 9204 --- [Thread-19] com.zaxxer.hikari.HikariDataSource       : HikariPool-5 - Shutdown completed.
2024-01-23 00:18:56.493  INFO 9204 --- [restartedMain] com.rupesh.blog.BlogAppApiApplication    : Starting BlogAppApiApplication using Java 18.0.2 on DESKTOP-VIE80H8 with PID 9204 (C:\Users\Admin\git\Blog\blog_app_api\target\classes started by Admin in C:\Users\Admin\git\Blog\blog_app_api)
2024-01-23 00:18:56.493  INFO 9204 --- [restartedMain] com.rupesh.blog.BlogAppApiApplication    : The following 1 profile is active: "local"
2024-01-23 00:18:57.533  INFO 9204 --- [restartedMain] o.a.catalina.core.AprLifecycleListener   : Loaded Apache Tomcat Native library [1.2.35] using APR version [1.7.0].
2024-01-23 00:18:57.534  INFO 9204 --- [restartedMain] o.a.catalina.core.AprLifecycleListener   : APR capabilities: IPv6 [true], sendfile [true], accept filters [false], random [true], UDS [true].
2024-01-23 00:18:57.535  INFO 9204 --- [restartedMain] o.a.catalina.core.AprLifecycleListener   : APR/OpenSSL configuration: useAprConnector [false], useOpenSSL [true]
2024-01-23 00:18:57.535  INFO 9204 --- [restartedMain] o.a.catalina.core.AprLifecycleListener   : OpenSSL successfully initialized [OpenSSL 1.1.1q  5 Jul 2022]
2024-01-23 00:18:57.536  INFO 9204 --- [restartedMain] o.apache.catalina.core.StandardService   : Starting service [Tomcat]
2024-01-23 00:18:57.537  INFO 9204 --- [restartedMain] org.apache.catalina.core.StandardEngine  : Starting Servlet engine: [Apache Tomcat/9.0.65]
2024-01-23 00:18:57.570  INFO 9204 --- [restartedMain] o.a.c.c.C.[Tomcat].[localhost].[/blog]   : Initializing Spring embedded WebApplicationContext
2024-01-23 00:18:57.657  INFO 9204 --- [restartedMain] com.zaxxer.hikari.HikariDataSource       : HikariPool-6 - Starting...
2024-01-23 00:18:57.662  INFO 9204 --- [restartedMain] com.zaxxer.hikari.HikariDataSource       : HikariPool-6 - Start completed.
2024-01-23 00:18:58.924  WARN 9204 --- [restartedMain] c.r.blog.config.CacheEvictionOnStartup   : All previous cache destroyed
2024-01-23 00:18:58.924  WARN 9204 --- [restartedMain] c.r.blog.config.CacheEvictionOnStartup   : Data removed form cache....
2024-01-23 00:18:58.925  INFO 9204 --- [restartedMain] com.rupesh.blog.BlogAppApiApplication    : Started BlogAppApiApplication in 2.5 seconds (JVM running for 3055.327)
2024-01-23 00:19:10.638  INFO 9204 --- [http-nio-8080-exec-2] o.a.c.c.C.[Tomcat].[localhost].[/blog]   : Initializing Spring DispatcherServlet 'dispatcherServlet'
2024-01-23 00:19:10.680  INFO 9204 --- [http-nio-8080-exec-2] c.r.blog.controller.CategoryController   : Update Category
2024-01-23 00:19:10.684  INFO 9204 --- [http-nio-8080-exec-2] c.r.b.serviceImpl.CategorySarviceImpl    : Service Implementation
2024-01-23 00:21:20.161  INFO 9204 --- [Thread-23] com.zaxxer.hikari.HikariDataSource       : HikariPool-6 - Shutdown initiated...
2024-01-23 00:21:20.177  INFO 9204 --- [Thread-23] com.zaxxer.hikari.HikariDataSource       : HikariPool-6 - Shutdown completed.
2024-01-23 00:21:20.340  INFO 9204 --- [restartedMain] com.rupesh.blog.BlogAppApiApplication    : Starting BlogAppApiApplication using Java 18.0.2 on DESKTOP-VIE80H8 with PID 9204 (C:\Users\Admin\git\Blog\blog_app_api\target\classes started by Admin in C:\Users\Admin\git\Blog\blog_app_api)
2024-01-23 00:21:20.340  INFO 9204 --- [restartedMain] com.rupesh.blog.BlogAppApiApplication    : The following 1 profile is active: "local"
2024-01-23 00:21:21.059  INFO 9204 --- [restartedMain] o.a.catalina.core.AprLifecycleListener   : Loaded Apache Tomcat Native library [1.2.35] using APR version [1.7.0].
2024-01-23 00:21:21.059  INFO 9204 --- [restartedMain] o.a.catalina.core.AprLifecycleListener   : APR capabilities: IPv6 [true], sendfile [true], accept filters [false], random [true], UDS [true].
2024-01-23 00:21:21.059  INFO 9204 --- [restartedMain] o.a.catalina.core.AprLifecycleListener   : APR/OpenSSL configuration: useAprConnector [false], useOpenSSL [true]
2024-01-23 00:21:21.060  INFO 9204 --- [restartedMain] o.a.catalina.core.AprLifecycleListener   : OpenSSL successfully initialized [OpenSSL 1.1.1q  5 Jul 2022]
2024-01-23 00:21:21.061  INFO 9204 --- [restartedMain] o.apache.catalina.core.StandardService   : Starting service [Tomcat]
2024-01-23 00:21:21.061  INFO 9204 --- [restartedMain] org.apache.catalina.core.StandardEngine  : Starting Servlet engine: [Apache Tomcat/9.0.65]
2024-01-23 00:21:21.114  INFO 9204 --- [restartedMain] o.a.c.c.C.[Tomcat].[localhost].[/blog]   : Initializing Spring embedded WebApplicationContext
2024-01-23 00:21:21.245  INFO 9204 --- [restartedMain] com.zaxxer.hikari.HikariDataSource       : HikariPool-7 - Starting...
2024-01-23 00:21:21.251  INFO 9204 --- [restartedMain] com.zaxxer.hikari.HikariDataSource       : HikariPool-7 - Start completed.
2024-01-23 00:21:22.518  WARN 9204 --- [restartedMain] c.r.blog.config.CacheEvictionOnStartup   : All previous cache destroyed
2024-01-23 00:21:22.518  WARN 9204 --- [restartedMain] c.r.blog.config.CacheEvictionOnStartup   : Data removed form cache....
2024-01-23 00:21:22.519  INFO 9204 --- [restartedMain] com.rupesh.blog.BlogAppApiApplication    : Started BlogAppApiApplication in 2.245 seconds (JVM running for 3198.921)
2024-01-23 00:21:27.422  INFO 9204 --- [Thread-27] com.zaxxer.hikari.HikariDataSource       : HikariPool-7 - Shutdown initiated...
2024-01-23 00:21:27.430  INFO 9204 --- [Thread-27] com.zaxxer.hikari.HikariDataSource       : HikariPool-7 - Shutdown completed.
2024-01-23 00:21:27.569  INFO 9204 --- [restartedMain] com.rupesh.blog.BlogAppApiApplication    : Starting BlogAppApiApplication using Java 18.0.2 on DESKTOP-VIE80H8 with PID 9204 (C:\Users\Admin\git\Blog\blog_app_api\target\classes started by Admin in C:\Users\Admin\git\Blog\blog_app_api)
2024-01-23 00:21:27.569  INFO 9204 --- [restartedMain] com.rupesh.blog.BlogAppApiApplication    : The following 1 profile is active: "local"
2024-01-23 00:21:28.363  INFO 9204 --- [restartedMain] o.a.catalina.core.AprLifecycleListener   : Loaded Apache Tomcat Native library [1.2.35] using APR version [1.7.0].
2024-01-23 00:21:28.364  INFO 9204 --- [restartedMain] o.a.catalina.core.AprLifecycleListener   : APR capabilities: IPv6 [true], sendfile [true], accept filters [false], random [true], UDS [true].
2024-01-23 00:21:28.364  INFO 9204 --- [restartedMain] o.a.catalina.core.AprLifecycleListener   : APR/OpenSSL configuration: useAprConnector [false], useOpenSSL [true]
2024-01-23 00:21:28.365  INFO 9204 --- [restartedMain] o.a.catalina.core.AprLifecycleListener   : OpenSSL successfully initialized [OpenSSL 1.1.1q  5 Jul 2022]
2024-01-23 00:21:28.366  INFO 9204 --- [restartedMain] o.apache.catalina.core.StandardService   : Starting service [Tomcat]
2024-01-23 00:21:28.366  INFO 9204 --- [restartedMain] org.apache.catalina.core.StandardEngine  : Starting Servlet engine: [Apache Tomcat/9.0.65]
2024-01-23 00:21:28.402  INFO 9204 --- [restartedMain] o.a.c.c.C.[Tomcat].[localhost].[/blog]   : Initializing Spring embedded WebApplicationContext
2024-01-23 00:21:28.501  INFO 9204 --- [restartedMain] com.zaxxer.hikari.HikariDataSource       : HikariPool-8 - Starting...
2024-01-23 00:21:28.505  INFO 9204 --- [restartedMain] com.zaxxer.hikari.HikariDataSource       : HikariPool-8 - Start completed.
2024-01-23 00:21:29.788  WARN 9204 --- [restartedMain] c.r.blog.config.CacheEvictionOnStartup   : All previous cache destroyed
2024-01-23 00:21:29.788  WARN 9204 --- [restartedMain] c.r.blog.config.CacheEvictionOnStartup   : Data removed form cache....
2024-01-23 00:21:29.789  INFO 9204 --- [restartedMain] com.rupesh.blog.BlogAppApiApplication    : Started BlogAppApiApplication in 2.267 seconds (JVM running for 3206.192)
2024-01-23 00:21:37.904  INFO 9204 --- [http-nio-8080-exec-2] o.a.c.c.C.[Tomcat].[localhost].[/blog]   : Initializing Spring DispatcherServlet 'dispatcherServlet'
2024-01-23 00:21:37.949  INFO 9204 --- [http-nio-8080-exec-2] c.r.blog.controller.CategoryController   : Update Category
2024-01-23 00:21:37.952  INFO 9204 --- [http-nio-8080-exec-2] c.r.b.serviceImpl.CategorySarviceImpl    : Service Implementation
